
  .   ____          _            __ _ _
 /\\ / ___'_ __ _ _(_)_ __  __ _ \ \ \ \
( ( )\___ | '_ | '_| | '_ \/ _` | \ \ \ \
 \\/  ___)| |_)| | | | | || (_| |  ) ) ) )
  '  |____| .__|_| |_|_| |_\__, | / / / /
 =========|_|==============|___/=/_/_/_/

 :: Spring Boot ::                (v3.3.5)

2025-04-17T20:33:15.802Z  INFO 2324 --- [threadix] [           main] net.threadix.ThreadixApplication         : Starting ThreadixApplication v0.0.1-SNAPSHOT using Java 21.0.6 with PID 2324 (/root/threadix/threadix-backend/target/demo-0.0.1-SNAPSHOT.jar started by root in /root/threadix/threadix-backend)
2025-04-17T20:33:15.814Z  INFO 2324 --- [threadix] [           main] net.threadix.ThreadixApplication         : No active profile set, falling back to 1 default profile: "default"
2025-04-17T20:33:17.203Z  INFO 2324 --- [threadix] [           main] .s.d.r.c.RepositoryConfigurationDelegate : Bootstrapping Spring Data JPA repositories in DEFAULT mode.
2025-04-17T20:33:17.367Z  INFO 2324 --- [threadix] [           main] .s.d.r.c.RepositoryConfigurationDelegate : Finished Spring Data repository scanning in 148 ms. Found 6 JPA repository interfaces.
2025-04-17T20:33:18.788Z  INFO 2324 --- [threadix] [           main] o.s.b.w.embedded.tomcat.TomcatWebServer  : Tomcat initialized with port 8080 (http)
2025-04-17T20:33:18.853Z  INFO 2324 --- [threadix] [           main] o.apache.catalina.core.StandardService   : Starting service [Tomcat]
2025-04-17T20:33:18.857Z  INFO 2324 --- [threadix] [           main] o.apache.catalina.core.StandardEngine    : Starting Servlet engine: [Apache Tomcat/10.1.31]
2025-04-17T20:33:19.112Z  INFO 2324 --- [threadix] [           main] o.a.c.c.C.[Tomcat].[localhost].[/]       : Initializing Spring embedded WebApplicationContext
2025-04-17T20:33:19.117Z  INFO 2324 --- [threadix] [           main] w.s.c.ServletWebServerApplicationContext : Root WebApplicationContext: initialization completed in 3214 ms
2025-04-17T20:33:19.778Z  INFO 2324 --- [threadix] [           main] o.hibernate.jpa.internal.util.LogHelper  : HHH000204: Processing PersistenceUnitInfo [name: default]
2025-04-17T20:33:19.873Z  INFO 2324 --- [threadix] [           main] org.hibernate.Version                    : HHH000412: Hibernate ORM core version 6.5.3.Final
2025-04-17T20:33:19.935Z  INFO 2324 --- [threadix] [           main] o.h.c.internal.RegionFactoryInitiator    : HHH000026: Second-level cache disabled
2025-04-17T20:33:20.435Z  INFO 2324 --- [threadix] [           main] o.s.o.j.p.SpringPersistenceUnitInfo      : No LoadTimeWeaver setup: ignoring JPA class transformer
2025-04-17T20:33:20.475Z  INFO 2324 --- [threadix] [           main] com.zaxxer.hikari.HikariDataSource       : HikariPool-1 - Starting...
2025-04-17T20:33:21.545Z  INFO 2324 --- [threadix] [           main] com.zaxxer.hikari.pool.HikariPool        : HikariPool-1 - Added connection org.postgresql.jdbc.PgConnection@22361e23
2025-04-17T20:33:21.548Z  INFO 2324 --- [threadix] [           main] com.zaxxer.hikari.HikariDataSource       : HikariPool-1 - Start completed.
2025-04-17T20:33:21.687Z  WARN 2324 --- [threadix] [           main] org.hibernate.orm.deprecation            : HHH90000025: PostgreSQLDialect does not need to be specified explicitly using 'hibernate.dialect' (remove the property setting and it will be selected by default)
2025-04-17T20:33:25.087Z  INFO 2324 --- [threadix] [           main] o.h.e.t.j.p.i.JtaPlatformInitiator       : HHH000489: No JTA platform available (set 'hibernate.transaction.jta.platform' to enable JTA platform integration)
2025-04-17T20:33:25.673Z  INFO 2324 --- [threadix] [           main] j.LocalContainerEntityManagerFactoryBean : Initialized JPA EntityManagerFactory for persistence unit 'default'
2025-04-17T20:33:26.537Z  WARN 2324 --- [threadix] [           main] JpaBaseConfiguration$JpaWebConfiguration : spring.jpa.open-in-view is enabled by default. Therefore, database queries may be performed during view rendering. Explicitly configure spring.jpa.open-in-view to disable this warning
2025-04-17T20:33:27.329Z  INFO 2324 --- [threadix] [           main] o.s.b.w.embedded.tomcat.TomcatWebServer  : Tomcat started on port 8080 (http) with context path '/'
2025-04-17T20:33:27.348Z  INFO 2324 --- [threadix] [           main] net.threadix.ThreadixApplication         : Started ThreadixApplication in 12.506 seconds (process running for 13.748)
2025-04-17T20:33:59.835Z  INFO 2324 --- [threadix] [nio-8080-exec-1] o.a.c.c.C.[Tomcat].[localhost].[/]       : Initializing Spring DispatcherServlet 'dispatcherServlet'
2025-04-17T20:33:59.838Z  INFO 2324 --- [threadix] [nio-8080-exec-1] o.s.web.servlet.DispatcherServlet        : Initializing Servlet 'dispatcherServlet'
2025-04-17T20:33:59.842Z  INFO 2324 --- [threadix] [nio-8080-exec-1] o.s.web.servlet.DispatcherServlet        : Completed initialization in 4 ms

  .   ____          _            __ _ _
 /\\ / ___'_ __ _ _(_)_ __  __ _ \ \ \ \
( ( )\___ | '_ | '_| | '_ \/ _` | \ \ \ \
 \\/  ___)| |_)| | | | | || (_| |  ) ) ) )
  '  |____| .__|_| |_|_| |_\__, | / / / /
 =========|_|==============|___/=/_/_/_/

 :: Spring Boot ::                (v3.3.5)

2025-04-17T20:35:47.964Z  INFO 2763 --- [threadix] [           main] net.threadix.ThreadixApplication         : Starting ThreadixApplication v0.0.1-SNAPSHOT using Java 21.0.6 with PID 2763 (/root/threadix/threadix-backend/target/demo-0.0.1-SNAPSHOT.jar started by root in /root/threadix/threadix-backend)
2025-04-17T20:35:47.968Z  INFO 2763 --- [threadix] [           main] net.threadix.ThreadixApplication         : No active profile set, falling back to 1 default profile: "default"
2025-04-17T20:35:49.706Z  INFO 2763 --- [threadix] [           main] .s.d.r.c.RepositoryConfigurationDelegate : Bootstrapping Spring Data JPA repositories in DEFAULT mode.
2025-04-17T20:35:49.858Z  INFO 2763 --- [threadix] [           main] .s.d.r.c.RepositoryConfigurationDelegate : Finished Spring Data repository scanning in 139 ms. Found 6 JPA repository interfaces.
2025-04-17T20:35:51.324Z  INFO 2763 --- [threadix] [           main] o.s.b.w.embedded.tomcat.TomcatWebServer  : Tomcat initialized with port 8080 (http)
2025-04-17T20:35:51.391Z  INFO 2763 --- [threadix] [           main] o.apache.catalina.core.StandardService   : Starting service [Tomcat]
2025-04-17T20:35:51.394Z  INFO 2763 --- [threadix] [           main] o.apache.catalina.core.StandardEngine    : Starting Servlet engine: [Apache Tomcat/10.1.31]
2025-04-17T20:35:51.903Z  INFO 2763 --- [threadix] [           main] o.a.c.c.C.[Tomcat].[localhost].[/]       : Initializing Spring embedded WebApplicationContext
2025-04-17T20:35:51.904Z  INFO 2763 --- [threadix] [           main] w.s.c.ServletWebServerApplicationContext : Root WebApplicationContext: initialization completed in 3843 ms
2025-04-17T20:35:54.609Z  INFO 2763 --- [threadix] [           main] o.hibernate.jpa.internal.util.LogHelper  : HHH000204: Processing PersistenceUnitInfo [name: default]
2025-04-17T20:35:54.865Z  INFO 2763 --- [threadix] [           main] org.hibernate.Version                    : HHH000412: Hibernate ORM core version 6.5.3.Final
2025-04-17T20:35:54.996Z  INFO 2763 --- [threadix] [           main] o.h.c.internal.RegionFactoryInitiator    : HHH000026: Second-level cache disabled

  .   ____          _            __ _ _
 /\\ / ___'_ __ _ _(_)_ __  __ _ \ \ \ \
( ( )\___ | '_ | '_| | '_ \/ _` | \ \ \ \
 \\/  ___)| |_)| | | | | || (_| |  ) ) ) )
  '  |____| .__|_| |_|_| |_\__, | / / / /
 =========|_|==============|___/=/_/_/_/

 :: Spring Boot ::                (v3.3.5)

2025-04-17T20:35:56.272Z  INFO 2793 --- [threadix] [           main] net.threadix.ThreadixApplication         : Starting ThreadixApplication v0.0.1-SNAPSHOT using Java 21.0.6 with PID 2793 (/root/threadix/threadix-backend/target/demo-0.0.1-SNAPSHOT.jar started by root in /root/threadix/threadix-backend)
2025-04-17T20:35:56.280Z  INFO 2793 --- [threadix] [           main] net.threadix.ThreadixApplication         : No active profile set, falling back to 1 default profile: "default"
2025-04-17T20:35:56.315Z  INFO 2763 --- [threadix] [           main] o.s.o.j.p.SpringPersistenceUnitInfo      : No LoadTimeWeaver setup: ignoring JPA class transformer
2025-04-17T20:35:56.405Z  INFO 2763 --- [threadix] [           main] com.zaxxer.hikari.HikariDataSource       : HikariPool-1 - Starting...
2025-04-17T20:35:58.131Z  INFO 2763 --- [threadix] [           main] com.zaxxer.hikari.pool.HikariPool        : HikariPool-1 - Added connection org.postgresql.jdbc.PgConnection@2e0516a3
2025-04-17T20:35:58.138Z  INFO 2763 --- [threadix] [           main] com.zaxxer.hikari.HikariDataSource       : HikariPool-1 - Start completed.
2025-04-17T20:35:58.274Z  WARN 2763 --- [threadix] [           main] org.hibernate.orm.deprecation            : HHH90000025: PostgreSQLDialect does not need to be specified explicitly using 'hibernate.dialect' (remove the property setting and it will be selected by default)
2025-04-17T20:36:00.634Z  INFO 2793 --- [threadix] [           main] .s.d.r.c.RepositoryConfigurationDelegate : Bootstrapping Spring Data JPA repositories in DEFAULT mode.
2025-04-17T20:36:01.105Z  INFO 2793 --- [threadix] [           main] .s.d.r.c.RepositoryConfigurationDelegate : Finished Spring Data repository scanning in 414 ms. Found 6 JPA repository interfaces.
2025-04-17T20:36:05.336Z  INFO 2793 --- [threadix] [           main] o.s.b.w.embedded.tomcat.TomcatWebServer  : Tomcat initialized with port 8080 (http)
2025-04-17T20:36:05.387Z  INFO 2793 --- [threadix] [           main] o.apache.catalina.core.StandardService   : Starting service [Tomcat]
2025-04-17T20:36:05.387Z  INFO 2793 --- [threadix] [           main] o.apache.catalina.core.StandardEngine    : Starting Servlet engine: [Apache Tomcat/10.1.31]
2025-04-17T20:36:05.747Z  INFO 2793 --- [threadix] [           main] o.a.c.c.C.[Tomcat].[localhost].[/]       : Initializing Spring embedded WebApplicationContext
2025-04-17T20:36:05.751Z  INFO 2793 --- [threadix] [           main] w.s.c.ServletWebServerApplicationContext : Root WebApplicationContext: initialization completed in 9337 ms
2025-04-17T20:36:06.012Z  INFO 2763 --- [threadix] [           main] o.h.e.t.j.p.i.JtaPlatformInitiator       : HHH000489: No JTA platform available (set 'hibernate.transaction.jta.platform' to enable JTA platform integration)
2025-04-17T20:36:06.644Z  INFO 2793 --- [threadix] [           main] o.hibernate.jpa.internal.util.LogHelper  : HHH000204: Processing PersistenceUnitInfo [name: default]
2025-04-17T20:36:06.706Z  INFO 2763 --- [threadix] [           main] j.LocalContainerEntityManagerFactoryBean : Initialized JPA EntityManagerFactory for persistence unit 'default'
2025-04-17T20:36:06.775Z  INFO 2793 --- [threadix] [           main] org.hibernate.Version                    : HHH000412: Hibernate ORM core version 6.5.3.Final
2025-04-17T20:36:06.891Z  INFO 2793 --- [threadix] [           main] o.h.c.internal.RegionFactoryInitiator    : HHH000026: Second-level cache disabled
2025-04-17T20:36:08.279Z  INFO 2793 --- [threadix] [           main] o.s.o.j.p.SpringPersistenceUnitInfo      : No LoadTimeWeaver setup: ignoring JPA class transformer
2025-04-17T20:36:08.340Z  INFO 2793 --- [threadix] [           main] com.zaxxer.hikari.HikariDataSource       : HikariPool-1 - Starting...
2025-04-17T20:36:09.000Z  WARN 2763 --- [threadix] [           main] JpaBaseConfiguration$JpaWebConfiguration : spring.jpa.open-in-view is enabled by default. Therefore, database queries may be performed during view rendering. Explicitly configure spring.jpa.open-in-view to disable this warning
2025-04-17T20:36:10.246Z  INFO 2793 --- [threadix] [           main] com.zaxxer.hikari.pool.HikariPool        : HikariPool-1 - Added connection org.postgresql.jdbc.PgConnection@22361e23
2025-04-17T20:36:10.248Z  INFO 2793 --- [threadix] [           main] com.zaxxer.hikari.HikariDataSource       : HikariPool-1 - Start completed.
2025-04-17T20:36:10.380Z  WARN 2793 --- [threadix] [           main] org.hibernate.orm.deprecation            : HHH90000025: PostgreSQLDialect does not need to be specified explicitly using 'hibernate.dialect' (remove the property setting and it will be selected by default)
2025-04-17T20:36:10.648Z  WARN 2763 --- [threadix] [           main] ConfigServletWebServerApplicationContext : Exception encountered during context initialization - cancelling refresh attempt: org.springframework.context.ApplicationContextException: Failed to start bean 'webServerStartStop'
2025-04-17T20:36:10.658Z  INFO 2763 --- [threadix] [           main] j.LocalContainerEntityManagerFactoryBean : Closing JPA EntityManagerFactory for persistence unit 'default'
2025-04-17T20:36:10.667Z  INFO 2763 --- [threadix] [           main] com.zaxxer.hikari.HikariDataSource       : HikariPool-1 - Shutdown initiated...
2025-04-17T20:36:10.935Z  INFO 2763 --- [threadix] [           main] com.zaxxer.hikari.HikariDataSource       : HikariPool-1 - Shutdown completed.
2025-04-17T20:36:10.992Z  INFO 2763 --- [threadix] [           main] .s.b.a.l.ConditionEvaluationReportLogger : 

Error starting ApplicationContext. To display the condition evaluation report re-run your application with 'debug' enabled.
2025-04-17T20:36:11.166Z ERROR 2763 --- [threadix] [           main] o.s.b.d.LoggingFailureAnalysisReporter   : 

***************************
APPLICATION FAILED TO START
***************************

Description:

Web server failed to start. Port 8080 was already in use.

Action:

Identify and stop the process that's listening on port 8080 or configure this application to listen on another port.

2025-04-17T20:36:13.222Z  INFO 2793 --- [threadix] [           main] o.h.e.t.j.p.i.JtaPlatformInitiator       : HHH000489: No JTA platform available (set 'hibernate.transaction.jta.platform' to enable JTA platform integration)
2025-04-17T20:36:13.834Z  INFO 2793 --- [threadix] [           main] j.LocalContainerEntityManagerFactoryBean : Initialized JPA EntityManagerFactory for persistence unit 'default'
2025-04-17T20:36:14.745Z  WARN 2793 --- [threadix] [           main] JpaBaseConfiguration$JpaWebConfiguration : spring.jpa.open-in-view is enabled by default. Therefore, database queries may be performed during view rendering. Explicitly configure spring.jpa.open-in-view to disable this warning
2025-04-17T20:36:15.628Z  WARN 2793 --- [threadix] [           main] ConfigServletWebServerApplicationContext : Exception encountered during context initialization - cancelling refresh attempt: org.springframework.context.ApplicationContextException: Failed to start bean 'webServerStartStop'
2025-04-17T20:36:15.633Z  INFO 2793 --- [threadix] [           main] j.LocalContainerEntityManagerFactoryBean : Closing JPA EntityManagerFactory for persistence unit 'default'
2025-04-17T20:36:15.637Z  INFO 2793 --- [threadix] [           main] com.zaxxer.hikari.HikariDataSource       : HikariPool-1 - Shutdown initiated...
2025-04-17T20:36:15.879Z  INFO 2793 --- [threadix] [           main] com.zaxxer.hikari.HikariDataSource       : HikariPool-1 - Shutdown completed.
2025-04-17T20:36:15.909Z  INFO 2793 --- [threadix] [           main] .s.b.a.l.ConditionEvaluationReportLogger : 

Error starting ApplicationContext. To display the condition evaluation report re-run your application with 'debug' enabled.
2025-04-17T20:36:15.963Z ERROR 2793 --- [threadix] [           main] o.s.b.d.LoggingFailureAnalysisReporter   : 

***************************
APPLICATION FAILED TO START
***************************

Description:

Web server failed to start. Port 8080 was already in use.

Action:

Identify and stop the process that's listening on port 8080 or configure this application to listen on another port.

2025-04-17T21:48:30.322Z  INFO 2324 --- [threadix] [nio-8080-exec-2] o.apache.coyote.http11.Http11Processor   : Error parsing HTTP request header
 Note: further occurrences of HTTP request parsing errors will be logged at DEBUG level.

java.lang.IllegalArgumentException: Invalid character found in method name [0x160x030x010x00{0x010x000x00w0x030x030x8cY0x940xe9P0xe50xb4Mn0xdc0xd60x16x0xdc0xed0x090x030xe1w0x0ds0x850x8e0xcc0x01r0x0f0xab0x970xc20xde0xf30x000x000x1a0xc0/0xc0+0xc00x110xc00x070xc00x130xc00x090xc00x140xc00x0a0x000x050x00/0x0050xc00x120x000x0a0x010x000x0040x000x050x000x050x010x000x000x000x000x000x0a0x000x080x000x060x000x170x000x180x000x190x000x0b0x000x020x010x000x000x0d0x000x100x000x0e0x040x010x040x030x020x010x020x030x040x010x050x010x060x010xff0x010x000x010x00...]. HTTP method names must be tokens
	at org.apache.coyote.http11.Http11InputBuffer.parseRequestLine(Http11InputBuffer.java:406) ~[tomcat-embed-core-10.1.31.jar!/:na]
	at org.apache.coyote.http11.Http11Processor.service(Http11Processor.java:257) ~[tomcat-embed-core-10.1.31.jar!/:na]
	at org.apache.coyote.AbstractProcessorLight.process(AbstractProcessorLight.java:63) ~[tomcat-embed-core-10.1.31.jar!/:na]
	at org.apache.coyote.AbstractProtocol$ConnectionHandler.process(AbstractProtocol.java:905) ~[tomcat-embed-core-10.1.31.jar!/:na]
	at org.apache.tomcat.util.net.NioEndpoint$SocketProcessor.doRun(NioEndpoint.java:1741) ~[tomcat-embed-core-10.1.31.jar!/:na]
	at org.apache.tomcat.util.net.SocketProcessorBase.run(SocketProcessorBase.java:52) ~[tomcat-embed-core-10.1.31.jar!/:na]
	at org.apache.tomcat.util.threads.ThreadPoolExecutor.runWorker(ThreadPoolExecutor.java:1190) ~[tomcat-embed-core-10.1.31.jar!/:na]
	at org.apache.tomcat.util.threads.ThreadPoolExecutor$Worker.run(ThreadPoolExecutor.java:659) ~[tomcat-embed-core-10.1.31.jar!/:na]
	at org.apache.tomcat.util.threads.TaskThread$WrappingRunnable.run(TaskThread.java:63) ~[tomcat-embed-core-10.1.31.jar!/:na]
	at java.base/java.lang.Thread.run(Thread.java:1583) ~[na:na]

2025-04-19T15:47:15.749Z  INFO 2324 --- [threadix] [nio-8080-exec-3] o.apache.coyote.http11.Http11Processor   : Error parsing HTTP request header
 Note: further occurrences of HTTP request parsing errors will be logged at DEBUG level.

java.lang.IllegalArgumentException: Invalid character found in method name [0x160x030x010x00{0x010x000x00w0x030x030xc80xff0xd70x160xda;0xb60x80( ]. HTTP method names must be tokens
	at org.apache.coyote.http11.Http11InputBuffer.parseRequestLine(Http11InputBuffer.java:406) ~[tomcat-embed-core-10.1.31.jar!/:na]
	at org.apache.coyote.http11.Http11Processor.service(Http11Processor.java:257) ~[tomcat-embed-core-10.1.31.jar!/:na]
	at org.apache.coyote.AbstractProcessorLight.process(AbstractProcessorLight.java:63) ~[tomcat-embed-core-10.1.31.jar!/:na]
	at org.apache.coyote.AbstractProtocol$ConnectionHandler.process(AbstractProtocol.java:905) ~[tomcat-embed-core-10.1.31.jar!/:na]
	at org.apache.tomcat.util.net.NioEndpoint$SocketProcessor.doRun(NioEndpoint.java:1741) ~[tomcat-embed-core-10.1.31.jar!/:na]
	at org.apache.tomcat.util.net.SocketProcessorBase.run(SocketProcessorBase.java:52) ~[tomcat-embed-core-10.1.31.jar!/:na]
	at org.apache.tomcat.util.threads.ThreadPoolExecutor.runWorker(ThreadPoolExecutor.java:1190) ~[tomcat-embed-core-10.1.31.jar!/:na]
	at org.apache.tomcat.util.threads.ThreadPoolExecutor$Worker.run(ThreadPoolExecutor.java:659) ~[tomcat-embed-core-10.1.31.jar!/:na]
	at org.apache.tomcat.util.threads.TaskThread$WrappingRunnable.run(TaskThread.java:63) ~[tomcat-embed-core-10.1.31.jar!/:na]
	at java.base/java.lang.Thread.run(Thread.java:1583) ~[na:na]

2025-04-19T19:58:50.281Z  INFO 2324 --- [threadix] [ionShutdownHook] j.LocalContainerEntityManagerFactoryBean : Closing JPA EntityManagerFactory for persistence unit 'default'
2025-04-19T19:58:50.361Z  INFO 2324 --- [threadix] [ionShutdownHook] com.zaxxer.hikari.HikariDataSource       : HikariPool-1 - Shutdown initiated...
2025-04-19T19:58:50.620Z  INFO 2324 --- [threadix] [ionShutdownHook] com.zaxxer.hikari.HikariDataSource       : HikariPool-1 - Shutdown completed.
